{
  "stats": {
    "suites": 0,
    "tests": 1,
    "passes": 0,
    "pending": 0,
    "failures": 1,
    "start": "2024-01-28T10:25:27.070Z",
    "end": "2024-01-28T10:25:28.269Z",
    "duration": 1199,
    "testsRegistered": 1,
    "passPercent": 0,
    "pendingPercent": 0,
    "other": 0,
    "hasOther": false,
    "skipped": 0,
    "hasSkipped": false
  },
  "results": [
    {
      "uuid": "5c99abb6-9598-45e1-9414-8c9f063472e0",
      "title": "",
      "fullFile": "cypress\\e2e\\BDD\\stepDefinition\\ecommerceStepDefinitions.js",
      "file": "cypress\\e2e\\BDD\\stepDefinition\\ecommerceStepDefinitions.js",
      "beforeHooks": [],
      "afterHooks": [],
      "tests": [
        {
          "title": "An uncaught error was detected outside of a test",
          "fullTitle": "An uncaught error was detected outside of a test",
          "timedOut": null,
          "duration": 252,
          "state": "failed",
          "speed": null,
          "pass": false,
          "fail": true,
          "pending": false,
          "context": null,
          "code": "throw err;",
          "err": {
            "message": "Error: The following error originated from your test code, not from Cypress.\n\n  > Expected to find a global registry (this usually means you are trying to define steps or hooks in support/e2e.js, which is not supported) (this might be a bug, please report at https://github.com/badeball/cypress-cucumber-preprocessor)\n\nWhen Cypress detects uncaught errors originating from your test code it will automatically fail the current test.\n\nCypress could not associate this error to any specific test.\n\nWe dynamically generated a new test to display this failure.",
            "estack": "Error: The following error originated from your test code, not from Cypress.\n\n  > Expected to find a global registry (this usually means you are trying to define steps or hooks in support/e2e.js, which is not supported) (this might be a bug, please report at https://github.com/badeball/cypress-cucumber-preprocessor)\n\nWhen Cypress detects uncaught errors originating from your test code it will automatically fail the current test.\n\nCypress could not associate this error to any specific test.\n\nWe dynamically generated a new test to display this failure.\n    at createError (node_modules/@badeball/cypress-cucumber-preprocessor/dist/helpers/error.js:9:0)\n    at fail (node_modules/@badeball/cypress-cucumber-preprocessor/dist/helpers/assertions.js:11:0)\n    at assert (node_modules/@badeball/cypress-cucumber-preprocessor/dist/helpers/assertions.js:18:0)\n    at assertAndReturn (node_modules/@badeball/cypress-cucumber-preprocessor/dist/helpers/assertions.js:22:0)\n    at getRegistry (node_modules/@badeball/cypress-cucumber-preprocessor/dist/registry.js:230:0)\n    at defineStep (node_modules/@badeball/cypress-cucumber-preprocessor/dist/entrypoint-browser.js:20:0)\n    at 1.../../../support/commands.js (cypress/e2e/BDD/stepDefinition/ecommerceStepDefinitions.js:12:6)\n    at o (node_modules/browser-pack/_prelude.js:1:0)\n    at r (node_modules/browser-pack/_prelude.js:1:0)\n    at eval (node_modules/browser-pack/_prelude.js:1:0)",
            "diff": null
          },
          "uuid": "79f46c4c-15e6-4601-9179-367a42a804da",
          "parentUUID": "5c99abb6-9598-45e1-9414-8c9f063472e0",
          "isHook": false,
          "skipped": false
        }
      ],
      "suites": [],
      "passes": [],
      "failures": [
        "79f46c4c-15e6-4601-9179-367a42a804da"
      ],
      "pending": [],
      "skipped": [],
      "duration": 252,
      "root": true,
      "rootEmpty": false,
      "_timeout": 2000
    }
  ],
  "meta": {
    "mocha": {
      "version": "7.0.1"
    },
    "mochawesome": {
      "options": {
        "quiet": false,
        "reportFilename": "[status]_[datetime]-[name]-report",
        "saveHtml": true,
        "saveJson": true,
        "consoleReporter": "spec",
        "useInlineDiffs": false,
        "code": true
      },
      "version": "7.1.3"
    },
    "marge": {
      "options": {
        "reportDir": "cypress/results",
        "title": "Automation Report",
        "overwrite": true,
        "html": true,
        "json": true,
        "charts": true,
        "reportFilename": "[status]_[datetime]-[name]-report",
        "timestamp": "longDate",
        "embeddedScreenshots": true,
        "inlineAssets": true,
        "saveAllAttempts": false
      },
      "version": "6.2.0"
    }
  }
}