{
  "stats": {
    "suites": 1,
    "tests": 1,
    "passes": 0,
    "pending": 0,
    "failures": 1,
    "start": "2024-01-18T13:36:43.875Z",
    "end": "2024-01-18T13:37:04.926Z",
    "duration": 21051,
    "testsRegistered": 1,
    "passPercent": 0,
    "pendingPercent": 0,
    "other": 0,
    "hasOther": false,
    "skipped": 0,
    "hasSkipped": false
  },
  "results": [
    {
      "uuid": "9bbb7134-2edc-4f15-a370-7faaffc803ea",
      "title": "",
      "fullFile": "cypress\\e2e\\Practise\\Test8-IFrames.js",
      "file": "cypress\\e2e\\Practise\\Test8-IFrames.js",
      "beforeHooks": [],
      "afterHooks": [],
      "tests": [],
      "suites": [
        {
          "uuid": "25c794cd-9839-411f-bd63-b07193f63dc4",
          "title": "Handle Iframes",
          "fullFile": "",
          "file": "",
          "beforeHooks": [],
          "afterHooks": [],
          "tests": [
            {
              "title": "should handle iframe on the webpage",
              "fullTitle": "Handle Iframes should handle iframe on the webpage",
              "timedOut": null,
              "duration": 8875,
              "state": "failed",
              "speed": null,
              "pass": false,
              "fail": true,
              "pending": false,
              "context": null,
              "code": "cy.visit('https://rahulshettyacademy.com/AutomationPractice/');\ncy.frameLoaded('#courses-iframe');\n//* denotes regular expression rather writing complete text use \ncy.iframe().find('a[href*=\"mentorship\"]').eq(0).click(); // click the first element\n// use find()\ncy.iframe().find('h1[class*=\"pricing-title\"]').should('have.length', 2);",
              "err": {
                "message": "CypressError: Timed out retrying after 6000ms: `cy.find()` failed because the page updated as a result of this command, but you tried to continue the command chain. The subject is no longer attached to the DOM, and Cypress cannot requery the page after commands such as `cy.find()`.\n\nCommon situations why this happens:\n  - Your JS framework re-rendered asynchronously\n  - Your app code reacted to an event firing and removed the element\n\nYou can typically solve this by breaking up a chain. For example, rewrite:\n\n> `cy.get('button').click().should('have.class', 'active')`\n\nto\n\n> `cy.get('button').as('btn').click()`\n> `cy.get('@btn').should('have.class', 'active')`\n\nhttps://on.cypress.io/element-has-detached-from-dom",
                "estack": "CypressError: Timed out retrying after 6000ms: `cy.find()` failed because the page updated as a result of this command, but you tried to continue the command chain. The subject is no longer attached to the DOM, and Cypress cannot requery the page after commands such as `cy.find()`.\n\nCommon situations why this happens:\n  - Your JS framework re-rendered asynchronously\n  - Your app code reacted to an event firing and removed the element\n\nYou can typically solve this by breaking up a chain. For example, rewrite:\n\n> `cy.get('button').click().should('have.class', 'active')`\n\nto\n\n> `cy.get('button').as('btn').click()`\n> `cy.get('@btn').should('have.class', 'active')`\n\nhttps://on.cypress.io/element-has-detached-from-dom\n    at isAttached (https://rahulshettyacademy.com/__cypress/runner/cypress_runner.js:145182:58)\n    at validateType (https://rahulshettyacademy.com/__cypress/runner/cypress_runner.js:145052:9)\n    at Object.isType (https://rahulshettyacademy.com/__cypress/runner/cypress_runner.js:145087:7)\n    at <unknown> (https://rahulshettyacademy.com/__cypress/runner/cypress_runner.js:135405:24)\n    at Object.subjectFn (https://rahulshettyacademy.com/__cypress/runner/cypress_runner.js:144040:16)\n    at $Cy.verifyUpcomingAssertions (https://rahulshettyacademy.com/__cypress/runner/cypress_runner.js:143384:31)\n    at onRetry (https://rahulshettyacademy.com/__cypress/runner/cypress_runner.js:144031:15)\n    at tryCatcher (https://rahulshettyacademy.com/__cypress/runner/cypress_runner.js:1807:23)\n    at Promise.attempt.Promise.try (https://rahulshettyacademy.com/__cypress/runner/cypress_runner.js:4315:29)\n    at whenStable (https://rahulshettyacademy.com/__cypress/runner/cypress_runner.js:143918:68)\n    at <unknown> (https://rahulshettyacademy.com/__cypress/runner/cypress_runner.js:143859:14)\n    at tryCatcher (https://rahulshettyacademy.com/__cypress/runner/cypress_runner.js:1807:23)\n    at Promise._settlePromiseFromHandler (https://rahulshettyacademy.com/__cypress/runner/cypress_runner.js:1519:31)\n    at Promise._settlePromise (https://rahulshettyacademy.com/__cypress/runner/cypress_runner.js:1576:18)\n    at Promise._settlePromise0 (https://rahulshettyacademy.com/__cypress/runner/cypress_runner.js:1621:10)\n    at Promise._settlePromises (https://rahulshettyacademy.com/__cypress/runner/cypress_runner.js:1701:18)\n    at Promise._fulfill (https://rahulshettyacademy.com/__cypress/runner/cypress_runner.js:1645:18)\n    at <unknown> (https://rahulshettyacademy.com/__cypress/runner/cypress_runner.js:5450:46)\nFrom Your Spec Code:\n    at Context.eval (webpack://cypress-automation/./cypress/e2e/Practise/Test8-IFrames.js:20:55)",
                "diff": null
              },
              "uuid": "1ad41426-6cc0-4c61-8b43-8e3c2e5e87ed",
              "parentUUID": "25c794cd-9839-411f-bd63-b07193f63dc4",
              "isHook": false,
              "skipped": false
            }
          ],
          "suites": [],
          "passes": [],
          "failures": [
            "1ad41426-6cc0-4c61-8b43-8e3c2e5e87ed"
          ],
          "pending": [],
          "skipped": [],
          "duration": 8875,
          "root": false,
          "rootEmpty": false,
          "_timeout": 2000
        }
      ],
      "passes": [],
      "failures": [],
      "pending": [],
      "skipped": [],
      "duration": 0,
      "root": true,
      "rootEmpty": true,
      "_timeout": 2000
    }
  ],
  "meta": {
    "mocha": {
      "version": "7.0.1"
    },
    "mochawesome": {
      "options": {
        "quiet": false,
        "reportFilename": "[status]_[datetime]-[name]-report",
        "saveHtml": false,
        "saveJson": true,
        "consoleReporter": "spec",
        "useInlineDiffs": false,
        "code": true
      },
      "version": "7.1.3"
    },
    "marge": {
      "options": {
        "reportDir": "cypress/results",
        "overwrite": false,
        "html": false,
        "json": true,
        "charts": true,
        "reportFilename": "[status]_[datetime]-[name]-report",
        "timestamp": "longDate",
        "embeddedScreenshots": true,
        "inlineAssets": true,
        "saveAllAttempts": false
      },
      "version": "6.2.0"
    }
  }
}