{
  "stats": {
    "suites": 1,
    "tests": 1,
    "passes": 0,
    "pending": 0,
    "failures": 1,
    "start": "2024-01-28T10:23:00.910Z",
    "end": "2024-01-28T10:23:19.556Z",
    "duration": 18646,
    "testsRegistered": 1,
    "passPercent": 0,
    "pendingPercent": 0,
    "other": 0,
    "hasOther": false,
    "skipped": 0,
    "hasSkipped": false
  },
  "results": [
    {
      "uuid": "3ad01649-a63e-4782-a18a-cc5d942962fd",
      "title": "",
      "fullFile": "cypress\\e2e\\Practise\\FakeAPITest.js",
      "file": "cypress\\e2e\\Practise\\FakeAPITest.js",
      "beforeHooks": [],
      "afterHooks": [],
      "tests": [],
      "suites": [
        {
          "uuid": "b9a4c952-b4f0-47dd-b1f4-05402ef32d4b",
          "title": "Intercept API Calls",
          "fullFile": "",
          "file": "",
          "beforeHooks": [],
          "afterHooks": [],
          "tests": [
            {
              "title": "Mock Http Response",
              "fullTitle": "Intercept API Calls Mock Http Response",
              "timedOut": null,
              "duration": 6795,
              "state": "failed",
              "speed": null,
              "pass": false,
              "fail": true,
              "pending": false,
              "context": null,
              "code": "cy.visit(\"https://rahulshettyacademy.com/angularAppdemo/\");\n//manipulating the http response at run time\ncy.intercept({\n  method: 'GET',\n  url: 'https://rahulshettyacademy.com/Library/GetBook.php?AuthorName=shetty'\n}, {\n  statusCode: 200,\n  body: [{\n    \"book_name\": \"RestAssured with Java\",\n    \"isbn\": \"BSG\",\n    \"aisle\": \"2302\"\n  }]\n}).as('bookretrivals');\ncy.get(\"button[class='btn btn-primary']\").click();\ncy.wait(\"@bookretrivals\");\ncy.get('p').should('have.text', 'Sorry we have only one book available');",
              "err": {
                "message": "AssertionError: Timed out retrying after 6000ms: expected '<p>' to have text 'Sorry we have only one book available', but the text was 'Oops only 1 Book available'",
                "estack": "AssertionError: Timed out retrying after 6000ms: expected '<p>' to have text 'Sorry we have only one book available', but the text was 'Oops only 1 Book available'\n    at Context.eval (cypress/e2e/Practise/FakeAPITest.js:25:20)",
                "diff": "- 'Oops only 1 Book available'\n+ 'Sorry we have only one book available'\n"
              },
              "uuid": "b8b3ab91-3520-4eb1-8888-79fa64f405b4",
              "parentUUID": "b9a4c952-b4f0-47dd-b1f4-05402ef32d4b",
              "isHook": false,
              "skipped": false
            }
          ],
          "suites": [],
          "passes": [],
          "failures": [
            "b8b3ab91-3520-4eb1-8888-79fa64f405b4"
          ],
          "pending": [],
          "skipped": [],
          "duration": 6795,
          "root": false,
          "rootEmpty": false,
          "_timeout": 2000
        }
      ],
      "passes": [],
      "failures": [],
      "pending": [],
      "skipped": [],
      "duration": 0,
      "root": true,
      "rootEmpty": true,
      "_timeout": 2000
    }
  ],
  "meta": {
    "mocha": {
      "version": "7.0.1"
    },
    "mochawesome": {
      "options": {
        "quiet": false,
        "reportFilename": "[status]_[datetime]-[name]-report",
        "saveHtml": true,
        "saveJson": true,
        "consoleReporter": "spec",
        "useInlineDiffs": false,
        "code": true
      },
      "version": "7.1.3"
    },
    "marge": {
      "options": {
        "reportDir": "cypress/results",
        "title": "Automation Report",
        "overwrite": true,
        "html": true,
        "json": true,
        "charts": true,
        "reportFilename": "[status]_[datetime]-[name]-report",
        "timestamp": "longDate",
        "embeddedScreenshots": true,
        "inlineAssets": true,
        "saveAllAttempts": false
      },
      "version": "6.2.0"
    }
  }
}