{
  "stats": {
    "suites": 1,
    "tests": 1,
    "passes": 1,
    "pending": 0,
    "failures": 0,
    "start": "2024-01-18T13:31:35.648Z",
    "end": "2024-01-18T13:31:48.081Z",
    "duration": 12433,
    "testsRegistered": 1,
    "passPercent": 100,
    "pendingPercent": 0,
    "other": 0,
    "hasOther": false,
    "skipped": 0,
    "hasSkipped": false
  },
  "results": [
    {
      "uuid": "ce9f702d-98cb-442a-8445-1ba9f2b3cb4c",
      "title": "",
      "fullFile": "cypress\\e2e\\Practise\\TestFramework\\File1.js",
      "file": "cypress\\e2e\\Practise\\TestFramework\\File1.js",
      "beforeHooks": [],
      "afterHooks": [],
      "tests": [],
      "suites": [
        {
          "uuid": "af187618-05e7-473d-8cdc-10f77a281c53",
          "title": "Working in POM Framework",
          "fullFile": "",
          "file": "",
          "beforeHooks": [],
          "afterHooks": [],
          "tests": [
            {
              "title": "should take data from external file",
              "fullTitle": "Working in POM Framework should take data from external file",
              "timedOut": null,
              "duration": 9162,
              "state": "passed",
              "speed": "medium",
              "pass": true,
              "fail": false,
              "pending": false,
              "context": null,
              "code": "// pulling code from other page class\nconst homePage = new _HomePage.default();\nconst productPage = new _Products.default();\ncy.visit(Cypress.env('url') + \"/angularpractice/\");\nhomePage.getEditBox().type(this.data.name);\n//to get the attribute of a tag, we use attr keyword of jQuery , checking property\nhomePage.getEditBox().should('have.attr', 'minlength', '2');\nhomePage.getGender().select(this.data.gender);\n//to verify the value of input is same in other input box\nhomePage.getTwoDataBinding().should('have.value', this.data.name);\n// to verify element is disabled on the webpage, checking behaviour\nhomePage.getCheckDisableButton().should('be.disabled');\n// cy.pause(); //can use debug() as \nhomePage.getShopTab().click().debug();\nCypress.config('defaultCommandTimeout', 8000); // this is explicit wait for the element, \n//declaring it at the top of spec will make the scope global for the test spec file\n// cy.get('.card-title').each(($mobile,index,$list)=>{\n//     if($mobile.text().includes(\"Blackberry\")){\n//         cy.get('button').eq(index).click();\n//     }\n// })\n//the above code can be wrapped in custom command in support directory\n//basic JS foreach loop is ok, but can lead to flakiness -\n// perhaps it's better to use cypress wrap method to allow the array to be iterated with cypress 'each' method\ncy.wrap(this.data.productName).each(element => {\n  cy.log(element);\n  cy.selectProduct(element);\n});\nproductPage.checkOutButton().click();\nvar sum = 0; // every variable is by default string in Javascript\ncy.get('tr td:nth-child(4) strong').each(($price, index, $list) => {\n  const amount = $price.text();\n  cy.log(amount);\n  var res = amount.split(' ');\n  res = res[1].trim();\n  sum = Number(sum) + Number(res); // convert to Number\n}).then(function () {\n  cy.log(sum);\n});\ncy.get('h3 strong').then(function (element) {\n  const amount = element.text();\n  cy.log(amount);\n  var total = amount.split(' ');\n  total = total[1].trim();\n  expect(Number(total)).to.equal(Number(sum));\n});\ncy.get('button').contains('Checkout').click();\ncy.get('input#country').type(\"India\");\ncy.get('li > a').contains('India').click();\ncy.get('#checkbox2').click({\n  force: true\n}); // to avoid element not interactable issue\ncy.get('input[value=\"Purchase\"]').click();\ncy.get('.alert').then(function (element) {\n  const actualText = element.text();\n  expect(actualText.includes('Success')).to.be.true;\n});",
              "err": {},
              "uuid": "376a2c9c-079f-4b02-a133-aff00fd6d4a0",
              "parentUUID": "af187618-05e7-473d-8cdc-10f77a281c53",
              "isHook": false,
              "skipped": false
            }
          ],
          "suites": [],
          "passes": [
            "376a2c9c-079f-4b02-a133-aff00fd6d4a0"
          ],
          "failures": [],
          "pending": [],
          "skipped": [],
          "duration": 9162,
          "root": false,
          "rootEmpty": false,
          "_timeout": 2000
        }
      ],
      "passes": [],
      "failures": [],
      "pending": [],
      "skipped": [],
      "duration": 0,
      "root": true,
      "rootEmpty": true,
      "_timeout": 2000
    }
  ],
  "meta": {
    "mocha": {
      "version": "7.0.1"
    },
    "mochawesome": {
      "options": {
        "quiet": false,
        "reportFilename": "[status]_[datetime]-[name]-report",
        "saveHtml": true,
        "saveJson": true,
        "consoleReporter": "spec",
        "useInlineDiffs": false,
        "code": true
      },
      "version": "7.1.3"
    },
    "marge": {
      "options": {
        "reportDir": "cypress/results",
        "overwrite": true,
        "html": true,
        "json": true,
        "charts": true,
        "reportFilename": "[status]_[datetime]-[name]-report",
        "timestamp": "longDate",
        "embeddedScreenshots": true,
        "inlineAssets": true,
        "saveAllAttempts": false
      },
      "version": "6.2.0"
    }
  }
}