{
  "stats": {
    "suites": 1,
    "tests": 1,
    "passes": 1,
    "pending": 0,
    "failures": 0,
    "start": "2024-01-18T13:36:03.808Z",
    "end": "2024-01-18T13:36:09.182Z",
    "duration": 5374,
    "testsRegistered": 1,
    "passPercent": 100,
    "pendingPercent": 0,
    "other": 0,
    "hasOther": false,
    "skipped": 0,
    "hasSkipped": false
  },
  "results": [
    {
      "uuid": "4cca5a25-0b16-4ca9-bdbe-0dbae9abeffd",
      "title": "",
      "fullFile": "cypress\\e2e\\Practise\\Test4-Alert.js",
      "file": "cypress\\e2e\\Practise\\Test4-Alert.js",
      "beforeHooks": [],
      "afterHooks": [],
      "tests": [],
      "suites": [
        {
          "uuid": "c1a97dde-73f4-4c3d-88d1-f0caef24f674",
          "title": "Testing Alerts & Popups on brwoser",
          "fullFile": "",
          "file": "",
          "beforeHooks": [],
          "afterHooks": [],
          "tests": [
            {
              "title": "Alerts & Pop-ups Test",
              "fullTitle": "Testing Alerts & Popups on brwoser Alerts & Pop-ups Test",
              "timedOut": null,
              "duration": 3133,
              "state": "passed",
              "speed": "fast",
              "pass": true,
              "fail": false,
              "pending": false,
              "context": null,
              "code": "cy.visit('https://rahulshettyacademy.com/AutomationPractice/');\ncy.get('#alertbtn').click();\ncy.on('window:alert', str => {\n  expect(str).to.equal('Hello , share this practice page and share your knowledge');\n});\ncy.get('[value=\"Confirm\"]').click();\ncy.on('window:confirm', str => {\n  //Mocha\n  expect(str).to.equal(\"Hello , Are you sure you want to confirm?\");\n});",
              "err": {},
              "uuid": "f011a36e-57ed-416d-933b-31c5230987b5",
              "parentUUID": "c1a97dde-73f4-4c3d-88d1-f0caef24f674",
              "isHook": false,
              "skipped": false
            }
          ],
          "suites": [],
          "passes": [
            "f011a36e-57ed-416d-933b-31c5230987b5"
          ],
          "failures": [],
          "pending": [],
          "skipped": [],
          "duration": 3133,
          "root": false,
          "rootEmpty": false,
          "_timeout": 2000
        }
      ],
      "passes": [],
      "failures": [],
      "pending": [],
      "skipped": [],
      "duration": 0,
      "root": true,
      "rootEmpty": true,
      "_timeout": 2000
    }
  ],
  "meta": {
    "mocha": {
      "version": "7.0.1"
    },
    "mochawesome": {
      "options": {
        "quiet": false,
        "reportFilename": "[status]_[datetime]-[name]-report",
        "saveHtml": false,
        "saveJson": true,
        "consoleReporter": "spec",
        "useInlineDiffs": false,
        "code": true
      },
      "version": "7.1.3"
    },
    "marge": {
      "options": {
        "reportDir": "cypress/results",
        "overwrite": false,
        "html": false,
        "json": true,
        "charts": true,
        "reportFilename": "[status]_[datetime]-[name]-report",
        "timestamp": "longDate",
        "embeddedScreenshots": true,
        "inlineAssets": true,
        "saveAllAttempts": false
      },
      "version": "6.2.0"
    }
  }
}