{
  "stats": {
    "suites": 1,
    "tests": 1,
    "passes": 1,
    "pending": 0,
    "failures": 0,
    "start": "2024-01-18T13:36:12.102Z",
    "end": "2024-01-18T13:36:24.407Z",
    "duration": 12305,
    "testsRegistered": 1,
    "passPercent": 100,
    "pendingPercent": 0,
    "other": 0,
    "hasOther": false,
    "skipped": 0,
    "hasSkipped": false
  },
  "results": [
    {
      "uuid": "0137e0fb-3da8-48a1-821e-f2b716f51c93",
      "title": "",
      "fullFile": "cypress\\e2e\\Practise\\Test5-ChildWindows.js",
      "file": "cypress\\e2e\\Practise\\Test5-ChildWindows.js",
      "beforeHooks": [],
      "afterHooks": [],
      "tests": [],
      "suites": [
        {
          "uuid": "ebba35fa-deca-4b03-88a6-d29d8cab9b47",
          "title": "Handling Child Windows",
          "fullFile": "",
          "file": "",
          "beforeHooks": [],
          "afterHooks": [],
          "tests": [
            {
              "title": "Should Handle Child Window",
              "fullTitle": "Handling Child Windows Should Handle Child Window",
              "timedOut": null,
              "duration": 9749,
              "state": "passed",
              "speed": "medium",
              "pass": true,
              "fail": false,
              "pending": false,
              "context": null,
              "code": "cy.visit('https://rahulshettyacademy.com/AutomationPractice/');\n//cypress cannot perform actions in new tab, testing should be carried out in same tab so remove target attribute from anchor tag\ncy.get('#opentab').invoke('removeAttr', 'target').click();\n//cypress directly cannot perform testing on new url, so it used origin() to work with new url\ncy.origin(\"https://www.qaclickacademy.com\", () => {\n  // cy.get(\"#navbarSupportedContent a[href*='about']\").click(); //parent child selector\n  cy.get('a').contains(\"About us\").click();\n  cy.get('h2').contains(\"Welcome to QAClick Academy\").should('contain', 'Welcome to QAClick Academy');\n});",
              "err": {},
              "uuid": "bb94458f-cdaf-4e77-9bf5-30c3a78999ec",
              "parentUUID": "ebba35fa-deca-4b03-88a6-d29d8cab9b47",
              "isHook": false,
              "skipped": false
            }
          ],
          "suites": [],
          "passes": [
            "bb94458f-cdaf-4e77-9bf5-30c3a78999ec"
          ],
          "failures": [],
          "pending": [],
          "skipped": [],
          "duration": 9749,
          "root": false,
          "rootEmpty": false,
          "_timeout": 2000
        }
      ],
      "passes": [],
      "failures": [],
      "pending": [],
      "skipped": [],
      "duration": 0,
      "root": true,
      "rootEmpty": true,
      "_timeout": 2000
    }
  ],
  "meta": {
    "mocha": {
      "version": "7.0.1"
    },
    "mochawesome": {
      "options": {
        "quiet": false,
        "reportFilename": "[status]_[datetime]-[name]-report",
        "saveHtml": false,
        "saveJson": true,
        "consoleReporter": "spec",
        "useInlineDiffs": false,
        "code": true
      },
      "version": "7.1.3"
    },
    "marge": {
      "options": {
        "reportDir": "cypress/results",
        "overwrite": false,
        "html": false,
        "json": true,
        "charts": true,
        "reportFilename": "[status]_[datetime]-[name]-report",
        "timestamp": "longDate",
        "embeddedScreenshots": true,
        "inlineAssets": true,
        "saveAllAttempts": false
      },
      "version": "6.2.0"
    }
  }
}