{
  "stats": {
    "suites": 1,
    "tests": 1,
    "passes": 1,
    "pending": 0,
    "failures": 0,
    "start": "2024-01-28T10:24:27.542Z",
    "end": "2024-01-28T10:24:34.804Z",
    "duration": 7262,
    "testsRegistered": 1,
    "passPercent": 100,
    "pendingPercent": 0,
    "other": 0,
    "hasOther": false,
    "skipped": 0,
    "hasSkipped": false
  },
  "results": [
    {
      "uuid": "0479ee55-c6f9-4ed8-818b-26f3f25bdde2",
      "title": "",
      "fullFile": "cypress\\e2e\\Practise\\Test6-DyamicElements.js",
      "file": "cypress\\e2e\\Practise\\Test6-DyamicElements.js",
      "beforeHooks": [],
      "afterHooks": [],
      "tests": [],
      "suites": [
        {
          "uuid": "47294e9d-69b2-4cea-a7c1-cd5e8612cfce",
          "title": "Testing Dynamic Table Contents",
          "fullFile": "",
          "file": "",
          "beforeHooks": [],
          "afterHooks": [],
          "tests": [
            {
              "title": "should test dynamic element",
              "fullTitle": "Testing Dynamic Table Contents should test dynamic element",
              "timedOut": null,
              "duration": 3857,
              "state": "passed",
              "speed": "fast",
              "pass": true,
              "fail": false,
              "pending": false,
              "context": null,
              "code": "cy.visit('https://rahulshettyacademy.com/AutomationPractice/');\n//to navigate nth element on browser\ncy.get('tr td:nth-child(2)').each(function ($el, index, list) {\n  var text = $el.text(); //text() is a jQuery method\n  if (text.includes('Python')) {\n    // next() works only with get() as it deals with DOM of the webpage\n    cy.get('tr td:nth-child(2)').eq(index).next().then(function (price) {\n      cy.log(index);\n      var priceText = price.text();\n      expect(priceText).to.equal('25');\n    });\n  }\n});",
              "err": {},
              "uuid": "76a0d5f3-681e-48be-8d6f-201c9c2e720a",
              "parentUUID": "47294e9d-69b2-4cea-a7c1-cd5e8612cfce",
              "isHook": false,
              "skipped": false
            }
          ],
          "suites": [],
          "passes": [
            "76a0d5f3-681e-48be-8d6f-201c9c2e720a"
          ],
          "failures": [],
          "pending": [],
          "skipped": [],
          "duration": 3857,
          "root": false,
          "rootEmpty": false,
          "_timeout": 2000
        }
      ],
      "passes": [],
      "failures": [],
      "pending": [],
      "skipped": [],
      "duration": 0,
      "root": true,
      "rootEmpty": true,
      "_timeout": 2000
    }
  ],
  "meta": {
    "mocha": {
      "version": "7.0.1"
    },
    "mochawesome": {
      "options": {
        "quiet": false,
        "reportFilename": "[status]_[datetime]-[name]-report",
        "saveHtml": true,
        "saveJson": true,
        "consoleReporter": "spec",
        "useInlineDiffs": false,
        "code": true
      },
      "version": "7.1.3"
    },
    "marge": {
      "options": {
        "reportDir": "cypress/results",
        "title": "Automation Report",
        "overwrite": true,
        "html": true,
        "json": true,
        "charts": true,
        "reportFilename": "[status]_[datetime]-[name]-report",
        "timestamp": "longDate",
        "embeddedScreenshots": true,
        "inlineAssets": true,
        "saveAllAttempts": false
      },
      "version": "6.2.0"
    }
  }
}