{
  "stats": {
    "suites": 1,
    "tests": 1,
    "passes": 1,
    "pending": 0,
    "failures": 0,
    "start": "2024-01-28T10:23:57.220Z",
    "end": "2024-01-28T10:24:03.837Z",
    "duration": 6617,
    "testsRegistered": 1,
    "passPercent": 100,
    "pendingPercent": 0,
    "other": 0,
    "hasOther": false,
    "skipped": 0,
    "hasSkipped": false
  },
  "results": [
    {
      "uuid": "7dc9ed88-16c2-47f8-bebf-f6759b3f2b22",
      "title": "",
      "fullFile": "cypress\\e2e\\Practise\\Test4-Alert.js",
      "file": "cypress\\e2e\\Practise\\Test4-Alert.js",
      "beforeHooks": [],
      "afterHooks": [],
      "tests": [],
      "suites": [
        {
          "uuid": "f639fd37-29bf-4952-9e8c-8da21d80eb4f",
          "title": "Testing Alerts & Popups on brwoser",
          "fullFile": "",
          "file": "",
          "beforeHooks": [],
          "afterHooks": [],
          "tests": [
            {
              "title": "Alerts & Pop-ups Test",
              "fullTitle": "Testing Alerts & Popups on brwoser Alerts & Pop-ups Test",
              "timedOut": null,
              "duration": 3363,
              "state": "passed",
              "speed": "fast",
              "pass": true,
              "fail": false,
              "pending": false,
              "context": null,
              "code": "cy.visit('https://rahulshettyacademy.com/AutomationPractice/');\ncy.get('#alertbtn').click();\ncy.on('window:alert', function (str) {\n  expect(str).to.equal('Hello , share this practice page and share your knowledge');\n});\ncy.get('[value=\"Confirm\"]').click();\ncy.on('window:confirm', function (str) {\n  //Mocha\n  expect(str).to.equal(\"Hello , Are you sure you want to confirm?\");\n});",
              "err": {},
              "uuid": "4ef12a8f-7454-4297-aecb-767aea902007",
              "parentUUID": "f639fd37-29bf-4952-9e8c-8da21d80eb4f",
              "isHook": false,
              "skipped": false
            }
          ],
          "suites": [],
          "passes": [
            "4ef12a8f-7454-4297-aecb-767aea902007"
          ],
          "failures": [],
          "pending": [],
          "skipped": [],
          "duration": 3363,
          "root": false,
          "rootEmpty": false,
          "_timeout": 2000
        }
      ],
      "passes": [],
      "failures": [],
      "pending": [],
      "skipped": [],
      "duration": 0,
      "root": true,
      "rootEmpty": true,
      "_timeout": 2000
    }
  ],
  "meta": {
    "mocha": {
      "version": "7.0.1"
    },
    "mochawesome": {
      "options": {
        "quiet": false,
        "reportFilename": "[status]_[datetime]-[name]-report",
        "saveHtml": true,
        "saveJson": true,
        "consoleReporter": "spec",
        "useInlineDiffs": false,
        "code": true
      },
      "version": "7.1.3"
    },
    "marge": {
      "options": {
        "reportDir": "cypress/results",
        "title": "Automation Report",
        "overwrite": true,
        "html": true,
        "json": true,
        "charts": true,
        "reportFilename": "[status]_[datetime]-[name]-report",
        "timestamp": "longDate",
        "embeddedScreenshots": true,
        "inlineAssets": true,
        "saveAllAttempts": false
      },
      "version": "6.2.0"
    }
  }
}