{
  "stats": {
    "suites": 1,
    "tests": 1,
    "passes": 1,
    "pending": 0,
    "failures": 0,
    "start": "2024-01-18T13:36:27.107Z",
    "end": "2024-01-18T13:36:33.017Z",
    "duration": 5910,
    "testsRegistered": 1,
    "passPercent": 100,
    "pendingPercent": 0,
    "other": 0,
    "hasOther": false,
    "skipped": 0,
    "hasSkipped": false
  },
  "results": [
    {
      "uuid": "004101f0-37a0-4806-adfe-09ee7d603a92",
      "title": "",
      "fullFile": "cypress\\e2e\\Practise\\Test6-DyamicElements.js",
      "file": "cypress\\e2e\\Practise\\Test6-DyamicElements.js",
      "beforeHooks": [],
      "afterHooks": [],
      "tests": [],
      "suites": [
        {
          "uuid": "e5dc4a5c-c77b-4941-baeb-71943c62d815",
          "title": "Testing Dynamic Table Contents",
          "fullFile": "",
          "file": "",
          "beforeHooks": [],
          "afterHooks": [],
          "tests": [
            {
              "title": "should test dynamic element",
              "fullTitle": "Testing Dynamic Table Contents should test dynamic element",
              "timedOut": null,
              "duration": 3165,
              "state": "passed",
              "speed": "fast",
              "pass": true,
              "fail": false,
              "pending": false,
              "context": null,
              "code": "cy.visit('https://rahulshettyacademy.com/AutomationPractice/');\n//to navigate nth element on browser\ncy.get('tr td:nth-child(2)').each(($el, index, list) => {\n  const text = $el.text(); //text() is a jQuery method\n  if (text.includes('Python')) {\n    // next() works only with get() as it deals with DOM of the webpage\n    cy.get('tr td:nth-child(2)').eq(index).next().then(function (price) {\n      cy.log(index);\n      const priceText = price.text();\n      expect(priceText).to.equal('25');\n    });\n  }\n});",
              "err": {},
              "uuid": "d45f246c-06ef-4cc5-bf05-d426629f0c24",
              "parentUUID": "e5dc4a5c-c77b-4941-baeb-71943c62d815",
              "isHook": false,
              "skipped": false
            }
          ],
          "suites": [],
          "passes": [
            "d45f246c-06ef-4cc5-bf05-d426629f0c24"
          ],
          "failures": [],
          "pending": [],
          "skipped": [],
          "duration": 3165,
          "root": false,
          "rootEmpty": false,
          "_timeout": 2000
        }
      ],
      "passes": [],
      "failures": [],
      "pending": [],
      "skipped": [],
      "duration": 0,
      "root": true,
      "rootEmpty": true,
      "_timeout": 2000
    }
  ],
  "meta": {
    "mocha": {
      "version": "7.0.1"
    },
    "mochawesome": {
      "options": {
        "quiet": false,
        "reportFilename": "[status]_[datetime]-[name]-report",
        "saveHtml": false,
        "saveJson": true,
        "consoleReporter": "spec",
        "useInlineDiffs": false,
        "code": true
      },
      "version": "7.1.3"
    },
    "marge": {
      "options": {
        "reportDir": "cypress/results",
        "overwrite": false,
        "html": false,
        "json": true,
        "charts": true,
        "reportFilename": "[status]_[datetime]-[name]-report",
        "timestamp": "longDate",
        "embeddedScreenshots": true,
        "inlineAssets": true,
        "saveAllAttempts": false
      },
      "version": "6.2.0"
    }
  }
}